# JRE version: OpenJDK Runtime Environment (15.0+36) (build 15+36-1562)
# Java VM: OpenJDK 64-Bit Server VM (15+36-1562, mixed mode, tiered, compressed oops, g1 gc, windows-amd64)
GC Precious Log:
 CPUs: 8 total, 8 available
 Memory: 16256M
 Large Page Support: Disabled
 NUMA Support: Disabled
 Compressed Oops: Enabled (Zero based)
 Heap Region Size: 2M
 Heap Min Capacity: 8M
 Heap Initial Capacity: 256M
 Heap Max Capacity: 4066M
 Pre-touch: Disabled
 Parallel Workers: 8
 Concurrent Workers: 2
 Concurrent Refinement Workers: 8
 Periodic GC: Disabled
Heap:
 garbage-first heap   total 61440K, used 37053K [0x0000000701e00000, 0x0000000800000000)
  region size 2048K, 13 young (26624K), 3 survivors (6144K)
 Metaspace       used 52838K, capacity 53274K, committed 53376K, reserved 1095680K
  class space    used 6294K, capacity 6435K, committed 6528K, reserved 1048576K
GC Heap History (20 events):
Event: 0.576 GC heap after
{Heap after GC invocations=1 (full 0):
 garbage-first heap   total 262144K, used 5729K [0x0000000701e00000, 0x0000000800000000)
  region size 2048K, 2 young (4096K), 2 survivors (4096K)
 Metaspace       used 11723K, capacity 11818K, committed 11904K, reserved 1060864K
  class space    used 1101K, capacity 1126K, committed 1152K, reserved 1048576K
}
Event: 0.581 GC heap before
{Heap before GC invocations=1 (full 0):
 garbage-first heap   total 262144K, used 28257K [0x0000000701e00000, 0x0000000800000000)
  region size 2048K, 14 young (28672K), 2 survivors (4096K)
 Metaspace       used 11723K, capacity 11818K, committed 11904K, reserved 1060864K
  class space    used 1101K, capacity 1126K, committed 1152K, reserved 1048576K
}
Event: 0.583 GC heap after
{Heap after GC invocations=2 (full 0):
 garbage-first heap   total 262144K, used 5712K [0x0000000701e00000, 0x0000000800000000)
  region size 2048K, 1 young (2048K), 1 survivors (2048K)
 Metaspace       used 11723K, capacity 11818K, committed 11904K, reserved 1060864K
  class space    used 1101K, capacity 1126K, committed 1152K, reserved 1048576K
}
Event: 1.071 GC heap before
{Heap before GC invocations=2 (full 0):
 garbage-first heap   total 262144K, used 48720K [0x0000000701e00000, 0x0000000800000000)
  region size 2048K, 23 young (47104K), 1 survivors (2048K)
 Metaspace       used 21005K, capacity 21209K, committed 21248K, reserved 1069056K
  class space    used 2190K, capacity 2267K, committed 2304K, reserved 1048576K
}
Event: 1.074 GC heap after
{Heap after GC invocations=3 (full 0):
 garbage-first heap   total 262144K, used 7730K [0x0000000701e00000, 0x0000000800000000)
  region size 2048K, 2 young (4096K), 2 survivors (4096K)
 Metaspace       used 21005K, capacity 21209K, committed 21248K, reserved 1069056K
  class space    used 2190K, capacity 2267K, committed 2304K, reserved 1048576K
}
Event: 1.235 GC heap before
{Heap before GC invocations=4 (full 0):
 garbage-first heap   total 40960K, used 36402K [0x0000000701e00000, 0x0000000800000000)
  region size 2048K, 17 young (34816K), 2 survivors (4096K)
 Metaspace       used 23716K, capacity 23987K, committed 24192K, reserved 1071104K
  class space    used 2565K, capacity 2661K, committed 2688K, reserved 1048576K
}
Event: 1.238 GC heap after
{Heap after GC invocations=5 (full 0):
 garbage-first heap   total 45056K, used 8500K [0x0000000701e00000, 0x0000000800000000)
  region size 2048K, 2 young (4096K), 2 survivors (4096K)
 Metaspace       used 23716K, capacity 23987K, committed 24192K, reserved 1071104K
  class space    used 2565K, capacity 2661K, committed 2688K, reserved 1048576K
}
Event: 1.278 GC heap before
{Heap before GC invocations=5 (full 0):
 garbage-first heap   total 45056K, used 26932K [0x0000000701e00000, 0x0000000800000000)
  region size 2048K, 12 young (24576K), 2 survivors (4096K)
 Metaspace       used 24112K, capacity 24403K, committed 24576K, reserved 1071104K
  class space    used 2598K, capacity 2693K, committed 2816K, reserved 1048576K
}
Event: 1.280 GC heap after
{Heap after GC invocations=6 (full 0):
 garbage-first heap   total 45056K, used 8785K [0x0000000701e00000, 0x0000000800000000)
  region size 2048K, 1 young (2048K), 1 survivors (2048K)
 Metaspace       used 24112K, capacity 24403K, committed 24576K, reserved 1071104K
  class space    used 2598K, capacity 2693K, committed 2816K, reserved 1048576K
}
Event: 1.618 GC heap before
{Heap before GC invocations=6 (full 0):
 garbage-first heap   total 45056K, used 29265K [0x0000000701e00000, 0x0000000800000000)
  region size 2048K, 11 young (22528K), 1 survivors (2048K)
 Metaspace       used 25778K, capacity 26010K, committed 26240K, reserved 1073152K
  class space    used 2769K, capacity 2836K, committed 2944K, reserved 1048576K
}
Event: 1.620 GC heap after
{Heap after GC invocations=7 (full 0):
 garbage-first heap   total 153600K, used 9594K [0x0000000701e00000, 0x0000000800000000)
  region size 2048K, 1 young (2048K), 1 survivors (2048K)
 Metaspace       used 25778K, capacity 26010K, committed 26240K, reserved 1073152K
  class space    used 2769K, capacity 2836K, committed 2944K, reserved 1048576K
}
Event: 2.655 GC heap before
{Heap before GC invocations=7 (full 0):
 garbage-first heap   total 153600K, used 97658K [0x0000000701e00000, 0x0000000800000000)
  region size 2048K, 45 young (92160K), 1 survivors (2048K)
 Metaspace       used 34003K, capacity 34331K, committed 34432K, reserved 1079296K
  class space    used 3794K, capacity 3930K, committed 3968K, reserved 1048576K
}
Event: 2.661 GC heap after
{Heap after GC invocations=8 (full 0):
 garbage-first heap   total 153600K, used 13361K [0x0000000701e00000, 0x0000000800000000)
  region size 2048K, 3 young (6144K), 3 survivors (6144K)
 Metaspace       used 34003K, capacity 34331K, committed 34432K, reserved 1079296K
  class space    used 3794K, capacity 3930K, committed 3968K, reserved 1048576K
}
Event: 2.846 GC heap before
{Heap before GC invocations=8 (full 0):
 garbage-first heap   total 153600K, used 50225K [0x0000000701e00000, 0x0000000800000000)
  region size 2048K, 23 young (47104K), 3 survivors (6144K)
 Metaspace       used 35392K, capacity 35751K, committed 35840K, reserved 1081344K
  class space    used 3937K, capacity 4062K, committed 4096K, reserved 1048576K
}
Event: 2.851 GC heap after
{Heap after GC invocations=9 (full 0):
 garbage-first heap   total 153600K, used 14054K [0x0000000701e00000, 0x0000000800000000)
  region size 2048K, 4 young (8192K), 4 survivors (8192K)
 Metaspace       used 35392K, capacity 35751K, committed 35840K, reserved 1081344K
  class space    used 3937K, capacity 4062K, committed 4096K, reserved 1048576K
}
Event: 3.356 GC heap before
{Heap before GC invocations=10 (full 0):
 garbage-first heap   total 61440K, used 42726K [0x0000000701e00000, 0x0000000800000000)
  region size 2048K, 18 young (36864K), 4 survivors (8192K)
 Metaspace       used 42209K, capacity 42626K, committed 42880K, reserved 1087488K
  class space    used 4750K, capacity 4874K, committed 4992K, reserved 1048576K
}
Event: 3.361 GC heap after
{Heap after GC invocations=11 (full 0):
 garbage-first heap   total 61440K, used 16274K [0x0000000701e00000, 0x0000000800000000)
  region size 2048K, 2 young (4096K), 2 survivors (4096K)
 Metaspace       used 42209K, capacity 42626K, committed 42880K, reserved 1087488K
  class space    used 4750K, capacity 4874K, committed 4992K, reserved 1048576K
}
Event: 3.698 GC heap before
{Heap before GC invocations=11 (full 0):
 garbage-first heap   total 61440K, used 46994K [0x0000000701e00000, 0x0000000800000000)
  region size 2048K, 17 young (34816K), 2 survivors (4096K)
 Metaspace       used 48251K, capacity 48732K, committed 48896K, reserved 1091584K
  class space    used 5749K, capacity 5881K, committed 5888K, reserved 1048576K
}
Event: 3.702 GC heap after
{Heap after GC invocations=12 (full 0):
 garbage-first heap   total 61440K, used 18389K [0x0000000701e00000, 0x0000000800000000)
  region size 2048K, 3 young (6144K), 3 survivors (6144K)
 Metaspace       used 48251K, capacity 48732K, committed 48896K, reserved 1091584K
  class space    used 5749K, capacity 5881K, committed 5888K, reserved 1048576K
}
Event: 64.082 GC heap before
{Heap before GC invocations=12 (full 0):
 garbage-first heap   total 61440K, used 34773K [0x0000000701e00000, 0x0000000800000000)
  region size 2048K, 13 young (26624K), 3 survivors (6144K)
 Metaspace       used 52838K, capacity 53274K, committed 53376K, reserved 1095680K
  class space    used 6294K, capacity 6435K, committed 6528K, reserved 1048576K
}

